{
  "stats": {
    "suites": 1,
    "tests": 8,
    "passes": 8,
    "pending": 0,
    "failures": 0,
    "start": "2025-01-17T21:54:12.910Z",
    "end": "2025-01-17T21:54:19.523Z",
    "duration": 6613,
    "testsRegistered": 8,
    "passPercent": 100,
    "pendingPercent": 0,
    "other": 0,
    "hasOther": false,
    "skipped": 0,
    "hasSkipped": false
  },
  "results": [
    {
      "uuid": "b025b58e-9e9a-47af-b2c6-4891c24291fa",
      "title": "",
      "fullFile": "cypress\\e2e\\spec_quiz.cy.ts",
      "file": "cypress\\e2e\\spec_quiz.cy.ts",
      "beforeHooks": [],
      "afterHooks": [],
      "tests": [],
      "suites": [
        {
          "uuid": "6b36239d-e61d-4992-8cbb-4a11b9f5c86c",
          "title": "Quiz",
          "fullFile": "",
          "file": "",
          "beforeHooks": [],
          "afterHooks": [],
          "tests": [
            {
              "title": "visit the page",
              "fullTitle": "Quiz visit the page",
              "timedOut": null,
              "duration": 542,
              "state": "passed",
              "speed": "fast",
              "pass": true,
              "fail": false,
              "pending": false,
              "context": null,
              "code": "cy.visit(\"http://localhost:\".concat(PORT));",
              "err": {},
              "uuid": "a2b6fa09-8da6-41c9-b4e3-0c995baefc91",
              "parentUUID": "6b36239d-e61d-4992-8cbb-4a11b9f5c86c",
              "isHook": false,
              "skipped": false
            },
            {
              "title": "shows the first question when clicking on the 'start quiz' button",
              "fullTitle": "Quiz shows the first question when clicking on the 'start quiz' button",
              "timedOut": null,
              "duration": 186,
              "state": "passed",
              "speed": "fast",
              "pass": true,
              "fail": false,
              "pending": false,
              "context": null,
              "code": "// mount the quiz component\ncy.visit(\"http://localhost:\".concat(PORT));\n// click on 'start quiz'\ncy.get(\".btn-primary\").click();\n// check for the correct value\nvar questionText = _questions__WEBPACK_IMPORTED_MODULE_0__.questionSet1[0].question;\ncy.get(\".card h2\").should(\"have.text\", questionText);",
              "err": {},
              "uuid": "03384efd-5c92-40f9-b73a-31d0b4a26b6d",
              "parentUUID": "6b36239d-e61d-4992-8cbb-4a11b9f5c86c",
              "isHook": false,
              "skipped": false
            },
            {
              "title": "shows the multiple choice options when clicking on the 'start quiz' button",
              "fullTitle": "Quiz shows the multiple choice options when clicking on the 'start quiz' button",
              "timedOut": null,
              "duration": 167,
              "state": "passed",
              "speed": "fast",
              "pass": true,
              "fail": false,
              "pending": false,
              "context": null,
              "code": "// mount the quiz component\ncy.visit(\"http://localhost:\".concat(PORT));\n// click on 'start quiz'\ncy.get(\".btn-primary\").click();\n// iterates though the multiple choice options for the first question:\n_questions__WEBPACK_IMPORTED_MODULE_0__.questionSet1[0].answers.forEach(function (value, index) {\n    // check for the correct value\n    cy.get(\".d-flex .alert-secondary\")\n        .eq(index)\n        .should(\"have.text\", value.text);\n});",
              "err": {},
              "uuid": "410b4264-2afe-4663-8d3e-e660d7bc1da1",
              "parentUUID": "6b36239d-e61d-4992-8cbb-4a11b9f5c86c",
              "isHook": false,
              "skipped": false
            },
            {
              "title": "shows all questions thoughout the quiz",
              "fullTitle": "Quiz shows all questions thoughout the quiz",
              "timedOut": null,
              "duration": 945,
              "state": "passed",
              "speed": "fast",
              "pass": true,
              "fail": false,
              "pending": false,
              "context": null,
              "code": "cy.visit(\"http://localhost:\".concat(PORT));\ncy.get(\".btn-primary\").click();\n// iterates though the questions:\n_questions__WEBPACK_IMPORTED_MODULE_0__.questionSet1.forEach(function (value) {\n    // check for the correct value\n    cy.get(\".card h2\").should(\"have.text\", value.question);\n    // click onto the next question\n    cy.get(\".btn-primary\").eq(0).click();\n});",
              "err": {},
              "uuid": "65355b06-fceb-401f-89dc-ba27360f46bd",
              "parentUUID": "6b36239d-e61d-4992-8cbb-4a11b9f5c86c",
              "isHook": false,
              "skipped": false
            },
            {
              "title": "shows all multiple choice options thoughout the quiz",
              "fullTitle": "Quiz shows all multiple choice options thoughout the quiz",
              "timedOut": null,
              "duration": 1061,
              "state": "passed",
              "speed": "fast",
              "pass": true,
              "fail": false,
              "pending": false,
              "context": null,
              "code": "cy.visit(\"http://localhost:\".concat(PORT));\ncy.get(\".btn-primary\").click();\n// iterates though the questions:\n_questions__WEBPACK_IMPORTED_MODULE_0__.questionSet1.forEach(function (value) {\n    // iterates though the multiple choice options for each question:\n    value.answers.forEach(function (value, index) {\n        // check for the correct value\n        cy.get(\".d-flex .alert-secondary\")\n            .eq(index)\n            .should(\"have.text\", value.text);\n    });\n    // click onto the next question\n    cy.get(\".btn-primary\").eq(0).click();\n});",
              "err": {},
              "uuid": "3f42e0ec-8b5e-4913-ba18-edaae612458a",
              "parentUUID": "6b36239d-e61d-4992-8cbb-4a11b9f5c86c",
              "isHook": false,
              "skipped": false
            },
            {
              "title": "shows your score at the end of a quiz",
              "fullTitle": "Quiz shows your score at the end of a quiz",
              "timedOut": null,
              "duration": 899,
              "state": "passed",
              "speed": "fast",
              "pass": true,
              "fail": false,
              "pending": false,
              "context": null,
              "code": "cy.visit(\"http://localhost:\".concat(PORT));\ncy.get(\".btn-primary\").click();\n// skip to the end of the quiz\nfor (var i = 0; i < _questions__WEBPACK_IMPORTED_MODULE_0__.questionSet1.length; i++) {\n    cy.get(\".btn-primary\").eq(0).click();\n}\n// check for the \"quiz completed\" button\ncy.get(\".card h2\").should(\"have.text\", \"Quiz Completed\");\n// check for the \"your score\" button\ncy.get(\".alert-success\").should(\"include.text\", \"Your score:\");",
              "err": {},
              "uuid": "2d13ed45-ba67-4a1a-a953-aacee5210a3e",
              "parentUUID": "6b36239d-e61d-4992-8cbb-4a11b9f5c86c",
              "isHook": false,
              "skipped": false
            },
            {
              "title": "gives the correct score",
              "fullTitle": "Quiz gives the correct score",
              "timedOut": null,
              "duration": 899,
              "state": "passed",
              "speed": "fast",
              "pass": true,
              "fail": false,
              "pending": false,
              "context": null,
              "code": "cy.visit(\"http://localhost:\".concat(PORT));\ncy.get(\".btn-primary\").click();\nvar score = 0;\n_questions__WEBPACK_IMPORTED_MODULE_0__.questionSet1.forEach(function (question) {\n    // select a random value from the multiple choice options\n    var randomIndex = Math.floor(Math.random() * 4);\n    cy.get(\".btn-primary\").eq(randomIndex).click();\n    // check to see if the answer is actually correct\n    if (question.answers[randomIndex].isCorrect) {\n        score += 1;\n    }\n});\n// check to see if the score tally is correct\ncy.get(\".alert-success\").should(\"have.text\", \"Your score: \".concat(score, \"/\").concat(_questions__WEBPACK_IMPORTED_MODULE_0__.questionSet1.length));",
              "err": {},
              "uuid": "bcfcfcf5-0092-4e42-92cd-1fe79e779426",
              "parentUUID": "6b36239d-e61d-4992-8cbb-4a11b9f5c86c",
              "isHook": false,
              "skipped": false
            },
            {
              "title": "lets you take a second quiz",
              "fullTitle": "Quiz lets you take a second quiz",
              "timedOut": null,
              "duration": 1740,
              "state": "passed",
              "speed": "fast",
              "pass": true,
              "fail": false,
              "pending": false,
              "context": null,
              "code": "cy.visit(\"http://localhost:\".concat(PORT));\ncy.get(\".btn-primary\").click();\n// skip to the end of the quiz\nfor (var i = 0; i < _questions__WEBPACK_IMPORTED_MODULE_0__.questionSet1.length; i++) {\n    cy.get(\".btn-primary\").eq(0).click();\n}\n// check for the \"take new quiz\" button\ncy.get(\".btn-primary\").should(\"have.text\", \"Take New Quiz\");\n// replace API results with the second question set\ncy.intercept(\"GET\", \"/api/questions/random\", _questions__WEBPACK_IMPORTED_MODULE_0__.questionSet2);\n// select the next quiz\ncy.get(\".btn-primary\").click();\nvar score = 0;\n_questions__WEBPACK_IMPORTED_MODULE_0__.questionSet2.forEach(function (question) {\n    // select a random value from the multiple choice options\n    var randomIndex = Math.floor(Math.random() * 4);\n    cy.get(\".btn-primary\").eq(randomIndex).click();\n    // check to see if the answer is actually correct\n    if (question.answers[randomIndex].isCorrect) {\n        score += 1;\n    }\n});\n// check to see if the score tally is correct\ncy.get(\".alert-success\").should(\"have.text\", \"Your score: \".concat(score, \"/\").concat(_questions__WEBPACK_IMPORTED_MODULE_0__.questionSet2.length));\n// check for the \"quiz completed\" button\ncy.get(\".card h2\").should(\"have.text\", \"Quiz Completed\");\n// check for the \"your score\" button\ncy.get(\".alert-success\").should(\"include.text\", \"Your score:\");\n// check for the \"take new quiz\" button\ncy.get(\".btn-primary\").should(\"have.text\", \"Take New Quiz\");",
              "err": {},
              "uuid": "49aabc39-9ad8-44db-b16a-cd9c824daac6",
              "parentUUID": "6b36239d-e61d-4992-8cbb-4a11b9f5c86c",
              "isHook": false,
              "skipped": false
            }
          ],
          "suites": [],
          "passes": [
            "a2b6fa09-8da6-41c9-b4e3-0c995baefc91",
            "03384efd-5c92-40f9-b73a-31d0b4a26b6d",
            "410b4264-2afe-4663-8d3e-e660d7bc1da1",
            "65355b06-fceb-401f-89dc-ba27360f46bd",
            "3f42e0ec-8b5e-4913-ba18-edaae612458a",
            "2d13ed45-ba67-4a1a-a953-aacee5210a3e",
            "bcfcfcf5-0092-4e42-92cd-1fe79e779426",
            "49aabc39-9ad8-44db-b16a-cd9c824daac6"
          ],
          "failures": [],
          "pending": [],
          "skipped": [],
          "duration": 6439,
          "root": false,
          "rootEmpty": false,
          "_timeout": 2000
        }
      ],
      "passes": [],
      "failures": [],
      "pending": [],
      "skipped": [],
      "duration": 0,
      "root": true,
      "rootEmpty": true,
      "_timeout": 2000
    }
  ],
  "meta": {
    "mocha": {
      "version": "7.0.1"
    },
    "mochawesome": {
      "options": {
        "quiet": false,
        "reportFilename": "mochawesome",
        "saveHtml": true,
        "saveJson": true,
        "consoleReporter": "spec",
        "useInlineDiffs": false,
        "code": true
      },
      "version": "7.1.3"
    },
    "marge": {
      "options": {
        "reportDir": "./cypress/results",
        "json": true
      },
      "version": "6.2.0"
    }
  }
}